Gadgetbridge-master/build/outputs/logs/manifest-merger-release-report.txt
-- Merging decision tree log ---
manifest
ADDED from src\main\AndroidManifest.xml:2:1-458:12
INJECTED from src\main\AndroidManifest.xml:2:1-458:12
INJECTED from src\main\AndroidManifest.xml:2:1-458:12
INJECTED from src\main\AndroidManifest.xml:2:1-458:12
INJECTED from src\main\AndroidManifest.xml:2:1-458:12
INJECTED from src\main\AndroidManifest.xml:2:1-458:12
INJECTED from src\main\AndroidManifest.xml:2:1-458:12
	package
		ADDED from src\main\AndroidManifest.xml:4:5-51
		INJECTED from src\main\AndroidManifest.xml
		INJECTED from src\main\AndroidManifest.xml
	android:versionName
		INJECTED from src\main\AndroidManifest.xml
		ADDED from src\main\AndroidManifest.xml:2:1-458:12
		INJECTED from src\main\AndroidManifest.xml
	xmlns:tools
		ADDED from src\main\AndroidManifest.xml:3:5-51
	android:versionCode
		INJECTED from src\main\AndroidManifest.xml
		ADDED from src\main\AndroidManifest.xml:2:1-458:12
		INJECTED from src\main\AndroidManifest.xml
	xmlns:android
		ADDED from src\main\AndroidManifest.xml:2:11-69
uses-permission#android.permission.BLUETOOTH
ADDED from src\main\AndroidManifest.xml:10:5-68
	android:name
		ADDED from src\main\AndroidManifest.xml:10:22-65
uses-permission#android.permission.BLUETOOTH_ADMIN
ADDED from src\main\AndroidManifest.xml:11:5-74
	android:name
		ADDED from src\main\AndroidManifest.xml:11:22-71
uses-permission#android.permission.READ_PHONE_STATE
ADDED from src\main\AndroidManifest.xml:12:5-75
	android:name
		ADDED from src\main\AndroidManifest.xml:12:22-72
uses-permission#android.permission.PROCESS_OUTGOING_CALLS
ADDED from src\main\AndroidManifest.xml:13:5-81
	android:name
		ADDED from src\main\AndroidManifest.xml:13:22-78
uses-permission#android.permission.CALL_PHONE
ADDED from src\main\AndroidManifest.xml:14:5-69
	android:name
		ADDED from src\main\AndroidManifest.xml:14:22-66
uses-permission#android.permission.RECEIVE_SMS
ADDED from src\main\AndroidManifest.xml:15:5-70
	android:name
		ADDED from src\main\AndroidManifest.xml:15:22-67
uses-permission#android.permission.SEND_SMS
ADDED from src\main\AndroidManifest.xml:16:5-67
	android:name
		ADDED from src\main\AndroidManifest.xml:16:22-64
uses-permission#android.permission.READ_CONTACTS
ADDED from src\main\AndroidManifest.xml:17:5-72
	android:name
		ADDED from src\main\AndroidManifest.xml:17:22-69
uses-permission#android.permission.READ_EXTERNAL_STORAGE
ADDED from src\main\AndroidManifest.xml:18:5-80
	android:name
		ADDED from src\main\AndroidManifest.xml:18:22-77
uses-permission#android.permission.READ_CALENDAR
ADDED from src\main\AndroidManifest.xml:19:5-72
	android:name
		ADDED from src\main\AndroidManifest.xml:19:22-69
uses-permission#android.permission.ACCESS_COARSE_LOCATION
ADDED from src\main\AndroidManifest.xml:20:5-81
	android:name
		ADDED from src\main\AndroidManifest.xml:20:22-78
uses-permission#android.permission.MEDIA_CONTENT_CONTROL
ADDED from src\main\AndroidManifest.xml:21:5-80
	android:name
		ADDED from src\main\AndroidManifest.xml:21:22-77
uses-permission#android.permission.RECEIVE_BOOT_COMPLETED
ADDED from src\main\AndroidManifest.xml:22:5-81
	android:name
		ADDED from src\main\AndroidManifest.xml:22:22-78
uses-permission#cyanogenmod.permission.ACCESS_WEATHER_MANAGER
ADDED from src\main\AndroidManifest.xml:24:5-85
	android:name
		ADDED from src\main\AndroidManifest.xml:24:22-82
uses-permission#cyanogenmod.permission.READ_WEATHER
ADDED from src\main\AndroidManifest.xml:25:5-75
	android:name
		ADDED from src\main\AndroidManifest.xml:25:22-72
uses-permission#org.omnirom.omnijaws.READ_WEATHER
ADDED from src\main\AndroidManifest.xml:26:5-73
	android:name
		ADDED from src\main\AndroidManifest.xml:26:22-70
uses-feature#android.hardware.bluetooth
ADDED from src\main\AndroidManifest.xml:28:5-30:35
	android:required
		ADDED from src\main\AndroidManifest.xml:30:9-32
	android:name
		ADDED from src\main\AndroidManifest.xml:29:9-50
uses-feature#android.hardware.bluetooth_le
ADDED from src\main\AndroidManifest.xml:31:5-33:36
	android:required
		ADDED from src\main\AndroidManifest.xml:33:9-33
	android:name
		ADDED from src\main\AndroidManifest.xml:32:9-53
uses-feature#android.hardware.telephony
ADDED from src\main\AndroidManifest.xml:34:5-36:36
	android:required
		ADDED from src\main\AndroidManifest.xml:36:9-33
	android:name
		ADDED from src\main\AndroidManifest.xml:35:9-50
application
ADDED from src\main\AndroidManifest.xml:38:5-456:19
	android:label
		ADDED from src\main\AndroidManifest.xml:42:9-41
	android:roundIcon
		ADDED from src\main\AndroidManifest.xml:41:9-54
	android:icon
		ADDED from src\main\AndroidManifest.xml:40:9-43
	android:theme
		ADDED from src\main\AndroidManifest.xml:44:9-49
	android:name
		ADDED from src\main\AndroidManifest.xml:39:9-38
activity#nodomain.freeyourgadget.gadgetbridge.activities.ControlCenterv2
ADDED from src\main\AndroidManifest.xml:45:9-50:20
	android:label
		ADDED from src\main\AndroidManifest.xml:47:13-65
	android:theme
		ADDED from src\main\AndroidManifest.xml:48:13-65
	android:name
		ADDED from src\main\AndroidManifest.xml:46:13-55
activity#nodomain.freeyourgadget.gadgetbridge.activities.SettingsActivity
ADDED from src\main\AndroidManifest.xml:51:9-54:72
	android:parentActivityName
		ADDED from src\main\AndroidManifest.xml:54:13-69
	android:label
		ADDED from src\main\AndroidManifest.xml:53:13-60
	android:name
		ADDED from src\main\AndroidManifest.xml:52:13-56
activity#nodomain.freeyourgadget.gadgetbridge.devices.miband.MiBandPreferencesActivity
ADDED from src\main\AndroidManifest.xml:55:9-58:73
	android:parentActivityName
		ADDED from src\main\AndroidManifest.xml:58:13-70
	android:label
		ADDED from src\main\AndroidManifest.xml:57:13-64
	android:name
		ADDED from src\main\AndroidManifest.xml:56:13-69
activity#nodomain.freeyourgadget.gadgetbridge.activities.ActivitySummariesActivity
ADDED from src\main\AndroidManifest.xml:59:9-62:72
	android:parentActivityName
		ADDED from src\main\AndroidManifest.xml:62:13-69
	android:label
		ADDED from src\main\AndroidManifest.xml:61:13-55
	android:name
		ADDED from src\main\AndroidManifest.xml:60:13-65
activity#nodomain.freeyourgadget.gadgetbridge.activities.appmanager.AppManagerActivity
ADDED from src\main\AndroidManifest.xml:63:9-67:72
	android:parentActivityName
		ADDED from src\main\AndroidManifest.xml:67:13-69
	android:label
		ADDED from src\main\AndroidManifest.xml:66:13-62
	android:launchMode
		ADDED from src\main\AndroidManifest.xml:64:13-43
	android:name
		ADDED from src\main\AndroidManifest.xml:65:13-69
activity#nodomain.freeyourgadget.gadgetbridge.activities.AppBlacklistActivity
ADDED from src\main\AndroidManifest.xml:68:9-71:73
	android:parentActivityName
		ADDED from src\main\AndroidManifest.xml:71:13-70
	android:label
		ADDED from src\main\AndroidManifest.xml:70:13-64
	android:name
		ADDED from src\main\AndroidManifest.xml:69:13-60
activity#nodomain.freeyourgadget.gadgetbridge.activities.CalBlacklistActivity
ADDED from src\main\AndroidManifest.xml:72:9-75:73
	android:parentActivityName
		ADDED from src\main\AndroidManifest.xml:75:13-70
	android:label
		ADDED from src\main\AndroidManifest.xml:74:13-64
	android:name
		ADDED from src\main\AndroidManifest.xml:73:13-60
activity#nodomain.freeyourgadget.gadgetbridge.activities.FwAppInstallerActivity
ADDED from src\main\AndroidManifest.xml:76:9-294:20
	android:parentActivityName
		ADDED from src\main\AndroidManifest.xml:79:13-69
	android:label
		ADDED from src\main\AndroidManifest.xml:78:13-67
	android:name
		ADDED from src\main\AndroidManifest.xml:77:13-62
intent-filter#action:name:android.intent.action.VIEW+category:name:android.intent.category.DEFAULT+data:host:*+data:mimeType:*/*+data:pathPattern:/.*\\..*\\..*\\..*\\..*\\..*\\..*\\..*\\..*\\..*\\.ft+data:pathPattern:/.*\\..*\\..*\\..*\\..*\\..*\\..*\\..*\\..*\\..*\\.ft.en+data:pathPattern:/.*\\..*\\..*\\..*\\..*\\..*\\..*\\..*\\..*\\..*\\.fw+data:pathPattern:/.*\\..*\\..*\\..*\\..*\\..*\\..*\\..*\\..*\\..*\\.gps+data:pathPattern:/.*\\..*\\..*\\..*\\..*\\..*\\..*\\..*\\..*\\..*\\.pbl+data:pathPattern:/.*\\..*\\..*\\..*\\..*\\..*\\..*\\..*\\..*\\..*\\.pbw+data:pathPattern:/.*\\..*\\..*\\..*\\..*\\..*\\..*\\..*\\..*\\..*\\.pbz+data:pathPattern:/.*\\..*\\..*\\..*\\..*\\..*\\..*\\..*\\..*\\..*\\.res+data:pathPattern:/.*\\..*\\..*\\..*\\..*\\..*\\..*\\..*\\..*\\.ft+data:pathPattern:/.*\\..*\\..*\\..*\\..*\\..*\\..*\\..*\\..*\\.ft.en+data:pathPattern:/.*\\..*\\..*\\..*\\..*\\..*\\..*\\..*\\..*\\.fw+data:pathPattern:/.*\\..*\\..*\\..*\\..*\\..*\\..*\\..*\\..*\\.gps+data:pathPattern:/.*\\..*\\..*\\..*\\..*\\..*\\..*\\..*\\..*\\.pbl+data:pathPattern:/.*\\..*\\..*\\..*\\..*\\..*\\..*\\..*\\..*\\.pbw+data:pathPattern:/.*\\..*\\..*\\..*\\..*\\..*\\..*\\..*\\..*\\.pbz+data:pathPattern:/.*\\..*\\..*\\..*\\..*\\..*\\..*\\..*\\..*\\.res+data:pathPattern:/.*\\..*\\..*\\..*\\..*\\..*\\..*\\..*\\.ft+data:pathPattern:/.*\\..*\\..*\\..*\\..*\\..*\\..*\\..*\\.ft.en+data:pathPattern:/.*\\..*\\..*\\..*\\..*\\..*\\..*\\..*\\.fw+data:pathPattern:/.*\\..*\\..*\\..*\\..*\\..*\\..*\\..*\\.gps+data:pathPattern:/.*\\..*\\..*\\..*\\..*\\..*\\..*\\..*\\.pbl+data:pathPattern:/.*\\..*\\..*\\..*\\..*\\..*\\..*\\..*\\.pbw+data:pathPattern:/.*\\..*\\..*\\..*\\..*\\..*\\..*\\..*\\.pbz+data:pathPattern:/.*\\..*\\..*\\..*\\..*\\..*\\..*\\..*\\.res+data:pathPattern:/.*\\..*\\..*\\..*\\..*\\..*\\..*\\.ft+data:pathPattern:/.*\\..*\\..*\\..*\\..*\\..*\\..*\\.ft.en+data:pathPattern:/.*\\..*\\..*\\..*\\..*\\..*\\..*\\.fw+data:pathPattern:/.*\\..*\\..*\\..*\\..*\\..*\\..*\\.gps+data:pathPattern:/.*\\..*\\..*\\..*\\..*\\..*\\..*\\.pbl+data:pathPattern:/.*\\..*\\..*\\..*\\..*\\..*\\..*\\.pbw+data:pathPattern:/.*\\..*\\..*\\..*\\..*\\..*\\..*\\.pbz+data:pathPattern:/.*\\..*\\..*\\..*\\..*\\..*\\..*\\.res+data:pathPattern:/.*\\..*\\..*\\..*\\..*\\..*\\.ft+data:pathPattern:/.*\\..*\\..*\\..*\\..*\\..*\\.ft.en+data:pathPattern:/.*\\..*\\..*\\..*\\..*\\..*\\.fw+data:pathPattern:/.*\\..*\\..*\\..*\\..*\\..*\\.gps+data:pathPattern:/.*\\..*\\..*\\..*\\..*\\..*\\.pbl+data:pathPattern:/.*\\..*\\..*\\..*\\..*\\..*\\.pbw+data:pathPattern:/.*\\..*\\..*\\..*\\..*\\..*\\.pbz+data:pathPattern:/.*\\..*\\..*\\..*\\..*\\..*\\.res+data:pathPattern:/.*\\..*\\..*\\..*\\..*\\.ft+data:pathPattern:/.*\\..*\\..*\\..*\\..*\\.ft.en+data:pathPattern:/.*\\..*\\..*\\..*\\..*\\.fw+data:pathPattern:/.*\\..*\\..*\\..*\\..*\\.gps+data:pathPattern:/.*\\..*\\..*\\..*\\..*\\.pbl+data:pathPattern:/.*\\..*\\..*\\..*\\..*\\.pbw+data:pathPattern:/.*\\..*\\..*\\..*\\..*\\.pbz+data:pathPattern:/.*\\..*\\..*\\..*\\..*\\.res+data:pathPattern:/.*\\..*\\..*\\..*\\.ft+data:pathPattern:/.*\\..*\\..*\\..*\\.ft.en+data:pathPattern:/.*\\..*\\..*\\..*\\.fw+data:pathPattern:/.*\\..*\\..*\\..*\\.gps+data:pathPattern:/.*\\..*\\..*\\..*\\.pbl+data:pathPattern:/.*\\..*\\..*\\..*\\.pbw+data:pathPattern:/.*\\..*\\..*\\..*\\.pbz+data:pathPattern:/.*\\..*\\..*\\..*\\.res+data:pathPattern:/.*\\..*\\..*\\.ft+data:pathPattern:/.*\\..*\\..*\\.ft.en+data:pathPattern:/.*\\..*\\..*\\.fw+data:pathPattern:/.*\\..*\\..*\\.gps+data:pathPattern:/.*\\..*\\..*\\.pbl+data:pathPattern:/.*\\..*\\..*\\.pbw+data:pathPattern:/.*\\..*\\..*\\.pbz+data:pathPattern:/.*\\..*\\..*\\.res+data:pathPattern:/.*\\..*\\.ft+data:pathPattern:/.*\\..*\\.ft.en+data:pathPattern:/.*\\..*\\.fw+data:pathPattern:/.*\\..*\\.gps+data:pathPattern:/.*\\..*\\.pbl+data:pathPattern:/.*\\..*\\.pbw+data:pathPattern:/.*\\..*\\.pbz+data:pathPattern:/.*\\..*\\.res+data:pathPattern:/.*\\.ft+data:pathPattern:/.*\\.ft.en+data:pathPattern:/.*\\.fw+data:pathPattern:/.*\\.gps+data:pathPattern:/.*\\.pbl+data:pathPattern:/.*\\.pbw+data:pathPattern:/.*\\.pbz+data:pathPattern:/.*\\.res+data:scheme:file
ADDED from src\main\AndroidManifest.xml:80:13-173:29
action#android.intent.action.VIEW
ADDED from src\main\AndroidManifest.xml:81:17-69
	android:name
		ADDED from src\main\AndroidManifest.xml:81:25-66
category#android.intent.category.DEFAULT
ADDED from src\main\AndroidManifest.xml:83:17-76
	android:name
		ADDED from src\main\AndroidManifest.xml:83:27-73
data
ADDED from src\main\AndroidManifest.xml:85:17-48
	android:host
		ADDED from src\main\AndroidManifest.xml:88:23-39
	android:scheme
		ADDED from src\main\AndroidManifest.xml:89:23-44
	android:pathPattern
		ADDED from src\main\AndroidManifest.xml:93:23-53
	android:mimeType
		ADDED from src\main\AndroidManifest.xml:85:23-45
intent-filter#action:name:android.intent.action.VIEW+category:name:android.intent.category.DEFAULT+data:host:*+data:pathPattern:/.*\\..*\\..*\\..*\\..*\\..*\\..*\\..*\\..*\\..*\\.ft+data:pathPattern:/.*\\..*\\..*\\..*\\..*\\..*\\..*\\..*\\..*\\..*\\.ft.en+data:pathPattern:/.*\\..*\\..*\\..*\\..*\\..*\\..*\\..*\\..*\\..*\\.fw+data:pathPattern:/.*\\..*\\..*\\..*\\..*\\..*\\..*\\..*\\..*\\..*\\.gps+data:pathPattern:/.*\\..*\\..*\\..*\\..*\\..*\\..*\\..*\\..*\\..*\\.pbl+data:pathPattern:/.*\\..*\\..*\\..*\\..*\\..*\\..*\\..*\\..*\\..*\\.pbw+data:pathPattern:/.*\\..*\\..*\\..*\\..*\\..*\\..*\\..*\\..*\\..*\\.pbz+data:pathPattern:/.*\\..*\\..*\\..*\\..*\\..*\\..*\\..*\\..*\\..*\\.res+data:pathPattern:/.*\\..*\\..*\\..*\\..*\\..*\\..*\\..*\\..*\\.ft+data:pathPattern:/.*\\..*\\..*\\..*\\..*\\..*\\..*\\..*\\..*\\.ft.en+data:pathPattern:/.*\\..*\\..*\\..*\\..*\\..*\\..*\\..*\\..*\\.fw+data:pathPattern:/.*\\..*\\..*\\..*\\..*\\..*\\..*\\..*\\..*\\.gps+data:pathPattern:/.*\\..*\\..*\\..*\\..*\\..*\\..*\\..*\\..*\\.pbl+data:pathPattern:/.*\\..*\\..*\\..*\\..*\\..*\\..*\\..*\\..*\\.pbw+data:pathPattern:/.*\\..*\\..*\\..*\\..*\\..*\\..*\\..*\\..*\\.pbz+data:pathPattern:/.*\\..*\\..*\\..*\\..*\\..*\\..*\\..*\\..*\\.res+data:pathPattern:/.*\\..*\\..*\\..*\\..*\\..*\\..*\\..*\\.ft+data:pathPattern:/.*\\..*\\..*\\..*\\..*\\..*\\..*\\..*\\.ft.en+data:pathPattern:/.*\\..*\\..*\\..*\\..*\\..*\\..*\\..*\\.fw+data:pathPattern:/.*\\..*\\..*\\..*\\..*\\..*\\..*\\..*\\.gps+data:pathPattern:/.*\\..*\\..*\\..*\\..*\\..*\\..*\\..*\\.pbl+data:pathPattern:/.*\\..*\\..*\\..*\\..*\\..*\\..*\\..*\\.pbw+data:pathPattern:/.*\\..*\\..*\\..*\\..*\\..*\\..*\\..*\\.pbz+data:pathPattern:/.*\\..*\\..*\\..*\\..*\\..*\\..*\\..*\\.res+data:pathPattern:/.*\\..*\\..*\\..*\\..*\\..*\\..*\\.ft+data:pathPattern:/.*\\..*\\..*\\..*\\..*\\..*\\..*\\.ft.en+data:pathPattern:/.*\\..*\\..*\\..*\\..*\\..*\\..*\\.fw+data:pathPattern:/.*\\..*\\..*\\..*\\..*\\..*\\..*\\.gps+data:pathPattern:/.*\\..*\\..*\\..*\\..*\\..*\\..*\\.pbl+data:pathPattern:/.*\\..*\\..*\\..*\\..*\\..*\\..*\\.pbw+data:pathPattern:/.*\\..*\\..*\\..*\\..*\\..*\\..*\\.pbz+data:pathPattern:/.*\\..*\\..*\\..*\\..*\\..*\\..*\\.res+data:pathPattern:/.*\\..*\\..*\\..*\\..*\\..*\\.ft+data:pathPattern:/.*\\..*\\..*\\..*\\..*\\..*\\.ft.en+data:pathPattern:/.*\\..*\\..*\\..*\\..*\\..*\\.fw+data:pathPattern:/.*\\..*\\..*\\..*\\..*\\..*\\.gps+data:pathPattern:/.*\\..*\\..*\\..*\\..*\\..*\\.pbl+data:pathPattern:/.*\\..*\\..*\\..*\\..*\\..*\\.pbw+data:pathPattern:/.*\\..*\\..*\\..*\\..*\\..*\\.pbz+data:pathPattern:/.*\\..*\\..*\\..*\\..*\\..*\\.res+data:pathPattern:/.*\\..*\\..*\\..*\\..*\\.ft+data:pathPattern:/.*\\..*\\..*\\..*\\..*\\.ft.en+data:pathPattern:/.*\\..*\\..*\\..*\\..*\\.fw+data:pathPattern:/.*\\..*\\..*\\..*\\..*\\.gps+data:pathPattern:/.*\\..*\\..*\\..*\\..*\\.pbl+data:pathPattern:/.*\\..*\\..*\\..*\\..*\\.pbw+data:pathPattern:/.*\\..*\\..*\\..*\\..*\\.pbz+data:pathPattern:/.*\\..*\\..*\\..*\\..*\\.res+data:pathPattern:/.*\\..*\\..*\\..*\\.ft+data:pathPattern:/.*\\..*\\..*\\..*\\.ft.en+data:pathPattern:/.*\\..*\\..*\\..*\\.fw+data:pathPattern:/.*\\..*\\..*\\..*\\.gps+data:pathPattern:/.*\\..*\\..*\\..*\\.pbl+data:pathPattern:/.*\\..*\\..*\\..*\\.pbw+data:pathPattern:/.*\\..*\\..*\\..*\\.pbz+data:pathPattern:/.*\\..*\\..*\\..*\\.res+data:pathPattern:/.*\\..*\\..*\\.ft+data:pathPattern:/.*\\..*\\..*\\.ft.en+data:pathPattern:/.*\\..*\\..*\\.fw+data:pathPattern:/.*\\..*\\..*\\.gps+data:pathPattern:/.*\\..*\\..*\\.pbl+data:pathPattern:/.*\\..*\\..*\\.pbw+data:pathPattern:/.*\\..*\\..*\\.pbz+data:pathPattern:/.*\\..*\\..*\\.res+data:pathPattern:/.*\\..*\\.ft+data:pathPattern:/.*\\..*\\.ft.en+data:pathPattern:/.*\\..*\\.fw+data:pathPattern:/.*\\..*\\.gps+data:pathPattern:/.*\\..*\\.pbl+data:pathPattern:/.*\\..*\\.pbw+data:pathPattern:/.*\\..*\\.pbz+data:pathPattern:/.*\\..*\\.res+data:pathPattern:/.*\\.ft+data:pathPattern:/.*\\.ft.en+data:pathPattern:/.*\\.fw+data:pathPattern:/.*\\.gps+data:pathPattern:/.*\\.pbl+data:pathPattern:/.*\\.pbw+data:pathPattern:/.*\\.pbz+data:pathPattern:/.*\\.res+data:scheme:file
ADDED from src\main\AndroidManifest.xml:174:13-266:29
intent-filter#action:name:android.intent.action.VIEW+category:name:android.intent.category.DEFAULT+data:mimeType:application/octet-stream
ADDED from src\main\AndroidManifest.xml:269:13-275:29
intent-filter#action:name:android.intent.action.VIEW+category:name:android.intent.category.DEFAULT+data:mimeType:application/x-zip-compressed+data:mimeType:application/zip
ADDED from src\main\AndroidManifest.xml:277:13-284:29
intent-filter#action:name:android.intent.action.SEND+category:name:android.intent.category.DEFAULT+data:mimeType:*/*
ADDED from src\main\AndroidManifest.xml:286:13-293:29
action#android.intent.action.SEND
ADDED from src\main\AndroidManifest.xml:287:17-69
	android:name
		ADDED from src\main\AndroidManifest.xml:287:25-66
service#nodomain.freeyourgadget.gadgetbridge.externalevents.NotificationListener
ADDED from src\main\AndroidManifest.xml:296:9-303:19
	android:label
		ADDED from src\main\AndroidManifest.xml:298:13-45
	android:permission
		ADDED from src\main\AndroidManifest.xml:299:13-87
	android:name
		ADDED from src\main\AndroidManifest.xml:297:13-64
intent-filter#action:name:android.service.notification.NotificationListenerService
ADDED from src\main\AndroidManifest.xml:300:13-302:29
action#android.service.notification.NotificationListenerService
ADDED from src\main\AndroidManifest.xml:301:17-99
	android:name
		ADDED from src\main\AndroidManifest.xml:301:25-96
service#nodomain.freeyourgadget.gadgetbridge.service.NotificationCollectorMonitorService
ADDED from src\main\AndroidManifest.xml:304:9-80
	android:name
		ADDED from src\main\AndroidManifest.xml:304:18-77
service#nodomain.freeyourgadget.gadgetbridge.service.DeviceCommunicationService
ADDED from src\main\AndroidManifest.xml:305:9-71
	android:name
		ADDED from src\main\AndroidManifest.xml:305:18-68
receiver#nodomain.freeyourgadget.gadgetbridge.externalevents.WeatherNotificationReceiver
ADDED from src\main\AndroidManifest.xml:307:9-313:20
	android:enabled
		ADDED from src\main\AndroidManifest.xml:309:13-35
	android:name
		ADDED from src\main\AndroidManifest.xml:308:13-71
intent-filter#action:name:ru.gelin.android.weather.notification.ACTION_WEATHER_UPDATE_2
ADDED from src\main\AndroidManifest.xml:310:13-312:29
action#ru.gelin.android.weather.notification.ACTION_WEATHER_UPDATE_2
ADDED from src\main\AndroidManifest.xml:311:17-104
	android:name
		ADDED from src\main\AndroidManifest.xml:311:25-101
activity#nodomain.freeyourgadget.gadgetbridge.externalevents.WeatherNotificationConfig
ADDED from src\main\AndroidManifest.xml:315:9-319:20
	android:name
		ADDED from src\main\AndroidManifest.xml:315:19-75
intent-filter#action:name:ru.gelin.android.weather.notification.ACTION_WEATHER_SKIN_PREFERENCES
ADDED from src\main\AndroidManifest.xml:316:13-318:29
action#ru.gelin.android.weather.notification.ACTION_WEATHER_SKIN_PREFERENCES
ADDED from src\main\AndroidManifest.xml:317:17-111
	android:name
		ADDED from src\main\AndroidManifest.xml:317:25-109
receiver#nodomain.freeyourgadget.gadgetbridge.externalevents.AutoStartReceiver
ADDED from src\main\AndroidManifest.xml:321:9-327:20
	android:permission
		ADDED from src\main\AndroidManifest.xml:322:13-75
	android:name
		ADDED from src\main\AndroidManifest.xml:321:19-67
intent-filter#action:name:android.intent.action.BOOT_COMPLETED+category:name:android.intent.category.DEFAULT
ADDED from src\main\AndroidManifest.xml:323:13-326:29
action#android.intent.action.BOOT_COMPLETED
ADDED from src\main\AndroidManifest.xml:324:17-79
	android:name
		ADDED from src\main\AndroidManifest.xml:324:25-76
receiver#nodomain.freeyourgadget.gadgetbridge.externalevents.BluetoothStateChangeReceiver
ADDED from src\main\AndroidManifest.xml:329:9-335:20
	android:exported
		ADDED from src\main\AndroidManifest.xml:331:13-37
	android:name
		ADDED from src\main\AndroidManifest.xml:330:13-72
intent-filter#action:name:android.bluetooth.adapter.action.STATE_CHANGED
ADDED from src\main\AndroidManifest.xml:332:13-334:29
action#android.bluetooth.adapter.action.STATE_CHANGED
ADDED from src\main\AndroidManifest.xml:333:17-89
	android:name
		ADDED from src\main\AndroidManifest.xml:333:25-86
receiver#nodomain.freeyourgadget.gadgetbridge.service.receivers.GBMusicControlReceiver
ADDED from src\main\AndroidManifest.xml:336:9-342:20
	android:exported
		ADDED from src\main\AndroidManifest.xml:338:13-37
	android:name
		ADDED from src\main\AndroidManifest.xml:337:13-69
intent-filter#action:name:nodomain.freeyourgadget.gadgetbridge.musiccontrol
ADDED from src\main\AndroidManifest.xml:339:13-341:29
action#nodomain.freeyourgadget.gadgetbridge.musiccontrol
ADDED from src\main\AndroidManifest.xml:340:17-92
	android:name
		ADDED from src\main\AndroidManifest.xml:340:25-89
receiver#nodomain.freeyourgadget.gadgetbridge.service.receivers.GBCallControlReceiver
ADDED from src\main\AndroidManifest.xml:343:9-349:20
	android:exported
		ADDED from src\main\AndroidManifest.xml:345:13-37
	android:name
		ADDED from src\main\AndroidManifest.xml:344:13-68
intent-filter#action:name:nodomain.freeyourgadget.gadgetbridge.callcontrol
ADDED from src\main\AndroidManifest.xml:346:13-348:29
action#nodomain.freeyourgadget.gadgetbridge.callcontrol
ADDED from src\main\AndroidManifest.xml:347:17-91
	android:name
		ADDED from src\main\AndroidManifest.xml:347:25-88
receiver#nodomain.freeyourgadget.gadgetbridge.database.PeriodicExporter
ADDED from src\main\AndroidManifest.xml:350:9-355:20
	android:enabled
		ADDED from src\main\AndroidManifest.xml:351:13-35
	android:exported
		ADDED from src\main\AndroidManifest.xml:353:13-37
	android:name
		ADDED from src\main\AndroidManifest.xml:352:13-90
activity#nodomain.freeyourgadget.gadgetbridge.activities.DebugActivity
ADDED from src\main\AndroidManifest.xml:361:9-366:57
	android:screenOrientation
		ADDED from src\main\AndroidManifest.xml:365:13-49
	android:parentActivityName
		ADDED from src\main\AndroidManifest.xml:364:13-69
	android:label
		ADDED from src\main\AndroidManifest.xml:363:13-57
	android:windowSoftInputMode
		ADDED from src\main\AndroidManifest.xml:366:13-54
	android:name
		ADDED from src\main\AndroidManifest.xml:362:13-53
activity#nodomain.freeyourgadget.gadgetbridge.activities.DbManagementActivity
ADDED from src\main\AndroidManifest.xml:367:9-372:57
	android:screenOrientation
		ADDED from src\main\AndroidManifest.xml:371:13-49
	android:parentActivityName
		ADDED from src\main\AndroidManifest.xml:370:13-69
	android:label
		ADDED from src\main\AndroidManifest.xml:369:13-65
	android:windowSoftInputMode
		ADDED from src\main\AndroidManifest.xml:372:13-54
	android:name
		ADDED from src\main\AndroidManifest.xml:368:13-60
activity#nodomain.freeyourgadget.gadgetbridge.activities.DiscoveryActivity
ADDED from src\main\AndroidManifest.xml:373:9-376:72
	android:parentActivityName
		ADDED from src\main\AndroidManifest.xml:376:13-69
	android:label
		ADDED from src\main\AndroidManifest.xml:375:13-61
	android:name
		ADDED from src\main\AndroidManifest.xml:374:13-57
activity#nodomain.freeyourgadget.gadgetbridge.activities.AndroidPairingActivity
ADDED from src\main\AndroidManifest.xml:377:9-379:70
	android:label
		ADDED from src\main\AndroidManifest.xml:379:13-67
	android:name
		ADDED from src\main\AndroidManifest.xml:378:13-62
activity#nodomain.freeyourgadget.gadgetbridge.devices.miband.MiBandPairingActivity
ADDED from src\main\AndroidManifest.xml:380:9-382:70
	android:label
		ADDED from src\main\AndroidManifest.xml:382:13-67
	android:name
		ADDED from src\main\AndroidManifest.xml:381:13-65
activity#nodomain.freeyourgadget.gadgetbridge.devices.pebble.PebblePairingActivity
ADDED from src\main\AndroidManifest.xml:383:9-385:69
	android:label
		ADDED from src\main\AndroidManifest.xml:385:13-66
	android:name
		ADDED from src\main\AndroidManifest.xml:384:13-65
activity#nodomain.freeyourgadget.gadgetbridge.activities.charts.ChartsActivity
ADDED from src\main\AndroidManifest.xml:386:9-389:72
	android:parentActivityName
		ADDED from src\main\AndroidManifest.xml:389:13-69
	android:label
		ADDED from src\main\AndroidManifest.xml:388:13-58
	android:name
		ADDED from src\main\AndroidManifest.xml:387:13-61
activity#nodomain.freeyourgadget.gadgetbridge.activities.ConfigureAlarms
ADDED from src\main\AndroidManifest.xml:390:9-393:73
	android:parentActivityName
		ADDED from src\main\AndroidManifest.xml:393:13-70
	android:label
		ADDED from src\main\AndroidManifest.xml:392:13-61
	android:name
		ADDED from src\main\AndroidManifest.xml:391:13-55
activity#nodomain.freeyourgadget.gadgetbridge.activities.AlarmDetails
ADDED from src\main\AndroidManifest.xml:394:9-398:72
	android:screenOrientation
		ADDED from src\main\AndroidManifest.xml:397:13-49
	android:parentActivityName
		ADDED from src\main\AndroidManifest.xml:398:13-69
	android:label
		ADDED from src\main\AndroidManifest.xml:396:13-65
	android:name
		ADDED from src\main\AndroidManifest.xml:395:13-52
activity#nodomain.freeyourgadget.gadgetbridge.activities.VibrationActivity
ADDED from src\main\AndroidManifest.xml:399:9-402:72
	android:parentActivityName
		ADDED from src\main\AndroidManifest.xml:402:13-69
	android:label
		ADDED from src\main\AndroidManifest.xml:401:13-61
	android:name
		ADDED from src\main\AndroidManifest.xml:400:13-57
activity#nodomain.freeyourgadget.gadgetbridge.activities.FindPhoneActivity
ADDED from src\main\AndroidManifest.xml:403:9-405:42
	android:label
		ADDED from src\main\AndroidManifest.xml:405:13-39
	android:name
		ADDED from src\main\AndroidManifest.xml:404:13-57
provider#nodomain.freeyourgadget.gadgetbridge.contentprovider.PebbleContentProvider
ADDED from src\main\AndroidManifest.xml:407:9-410:39
	android:authorities
		ADDED from src\main\AndroidManifest.xml:409:13-65
	android:exported
		ADDED from src\main\AndroidManifest.xml:410:13-36
	android:name
		ADDED from src\main\AndroidManifest.xml:408:13-66
provider#android.support.v4.content.FileProvider
ADDED from src\main\AndroidManifest.xml:412:9-420:20
	android:grantUriPermissions
		ADDED from src\main\AndroidManifest.xml:416:13-47
	android:authorities
		ADDED from src\main\AndroidManifest.xml:414:13-71
	android:exported
		ADDED from src\main\AndroidManifest.xml:415:13-37
	android:name
		ADDED from src\main\AndroidManifest.xml:413:13-67
meta-data#android.support.FILE_PROVIDER_PATHS
ADDED from src\main\AndroidManifest.xml:417:13-419:56
	android:resource
		ADDED from src\main\AndroidManifest.xml:419:17-53
	android:name
		ADDED from src\main\AndroidManifest.xml:418:17-67
receiver#nodomain.freeyourgadget.gadgetbridge.SleepAlarmWidget
ADDED from src\main\AndroidManifest.xml:422:9-431:20
	android:name
		ADDED from src\main\AndroidManifest.xml:422:19-51
intent-filter#action:name:android.appwidget.action.APPWIDGET_UPDATE+action:name:nodomain.freeyourgadget.gadgetbridge.SLEEP_ALARM_WIDGET_CLICK
ADDED from src\main\AndroidManifest.xml:423:13-426:29
action#android.appwidget.action.APPWIDGET_UPDATE
ADDED from src\main\AndroidManifest.xml:424:17-84
	android:name
		ADDED from src\main\AndroidManifest.xml:424:25-81
action#nodomain.freeyourgadget.gadgetbridge.SLEEP_ALARM_WIDGET_CLICK
ADDED from src\main\AndroidManifest.xml:425:17-104
	android:name
		ADDED from src\main\AndroidManifest.xml:425:25-101
meta-data#android.appwidget.provider
ADDED from src\main\AndroidManifest.xml:428:13-430:67
	android:resource
		ADDED from src\main\AndroidManifest.xml:430:17-64
	android:name
		ADDED from src\main\AndroidManifest.xml:429:17-58
activity#nodomain.freeyourgadget.gadgetbridge.activities.ExternalPebbleJSActivity
ADDED from src\main\AndroidManifest.xml:433:9-449:20
	android:clearTaskOnLaunch
		ADDED from src\main\AndroidManifest.xml:436:13-45
	android:parentActivityName
		ADDED from src\main\AndroidManifest.xml:439:13-83
	android:label
		ADDED from src\main\AndroidManifest.xml:438:13-50
	android:launchMode
		ADDED from src\main\AndroidManifest.xml:434:13-44
	android:allowTaskReparenting
		ADDED from src\main\AndroidManifest.xml:435:13-48
	android:name
		ADDED from src\main\AndroidManifest.xml:437:13-64
meta-data#android.support.PARENT_ACTIVITY
ADDED from src\main\AndroidManifest.xml:440:13-442:99
	android:value
		ADDED from src\main\AndroidManifest.xml:442:17-96
	android:name
		ADDED from src\main\AndroidManifest.xml:441:17-63
intent-filter#action:name:android.intent.action.VIEW+category:name:android.intent.category.BROWSABLE+category:name:android.intent.category.DEFAULT+data:scheme:gadgetbridge
ADDED from src\main\AndroidManifest.xml:443:13-448:29
category#android.intent.category.BROWSABLE
ADDED from src\main\AndroidManifest.xml:446:17-77
	android:name
		ADDED from src\main\AndroidManifest.xml:446:27-75
activity#nodomain.freeyourgadget.gadgetbridge.database_pack.MainActivity
ADDED from src\main\AndroidManifest.xml:450:9-73
	android:name
		ADDED from src\main\AndroidManifest.xml:450:19-61
activity#nodomain.freeyourgadget.gadgetbridge.database_pack.PlayerActivity
ADDED from src\main\AndroidManifest.xml:452:9-455:63
	android:configChanges
		ADDED from src\main\AndroidManifest.xml:454:13-122
	android:theme
		ADDED from src\main\AndroidManifest.xml:455:13-60
	android:name
		ADDED from src\main\AndroidManifest.xml:453:13-57
uses-sdk
INJECTED from src\main\AndroidManifest.xml reason: use-sdk injection requested
INJECTED from src\main\AndroidManifest.xml
INJECTED from src\main\AndroidManifest.xml
INJECTED from src\main\AndroidManifest.xml
INJECTED from src\main\AndroidManifest.xml
	android:targetSdkVersion
		INJECTED from src\main\AndroidManifest.xml
		ADDED from src\main\AndroidManifest.xml
		INJECTED from src\main\AndroidManifest.xml
	android:minSdkVersion